<?xml version="1.0" encoding="UTF-8"?>
<testng-results skipped="0" failed="0" ignored="0" total="1" passed="1">
  <reporter-output>
    <line>
      <![CDATA[close]]>
    </line>
  </reporter-output>
  <suite name="Default suite" duration-ms="26023" started-at="2022-08-02T11:37:38 IST" finished-at="2022-08-02T11:38:04 IST">
    <groups>
    </groups>
    <test name="Default test" duration-ms="26023" started-at="2022-08-02T11:37:38 IST" finished-at="2022-08-02T11:38:04 IST">
      <class name="practice.TC_practice_002_Test">
        <test-method status="PASS" signature="Browser_Setup()[pri:0, instance:practice.TC_practice_002_Test@17030a6]" name="Browser_Setup" is-config="true" duration-ms="3590" started-at="2022-08-02T11:37:38 IST" finished-at="2022-08-02T11:37:42 IST">
          <reporter-output>
          </reporter-output>
        </test-method> <!-- Browser_Setup -->
        <test-method status="PASS" signature="test_practice()[pri:0, instance:practice.TC_practice_002_Test@17030a6]" name="test_practice" duration-ms="19552" started-at="2022-08-02T11:37:42 IST" finished-at="2022-08-02T11:38:01 IST">
          <reporter-output>
          </reporter-output>
        </test-method> <!-- test_practice -->
        <test-method status="PASS" signature="Browser_tear_down(org.testng.ITestResult)[pri:0, instance:practice.TC_practice_002_Test@17030a6]" name="Browser_tear_down" is-config="true" duration-ms="2816" started-at="2022-08-02T11:38:01 IST" finished-at="2022-08-02T11:38:04 IST">
          <params>
            <param index="0">
              <value>
                <![CDATA[[TestResult name=test_practice status=SUCCESS method=TC_practice_002_Test.test_practice()[pri:0, instance:practice.TC_practice_002_Test@17030a6] output={null}]]]>
              </value>
            </param>
          </params>
          <reporter-output>
            <line>
              <![CDATA[close]]>
            </line>
          </reporter-output>
        </test-method> <!-- Browser_tear_down -->
      </class> <!-- practice.TC_practice_002_Test -->
    </test> <!-- Default test -->
  </suite> <!-- Default suite -->
</testng-results>
